[   .000000] Initializing cgroup subsys cpuset
[    0.000000] Initializing cgroup subsys cpu
[    0.000000] Initializing cgroup subsys cpuacct
[    0.000000] Linux version 4.4.0-101-generic (buildd@lcy01-amd64-006) (gcc version 5.4.0 20160609 (Ubuntu 5.4.0-6ubuntu1~16.04.5) ) #124-Ubuntu SMP Fri Nov 10 18:29:59 UTC 2017 (Ubuntu 4.4.0-101.124-generic 4.4.95)
[    0.000000] Command line: BOOT_IMAGE=/boot/vmlinuz-4.4.0-101-generic root=LABEL=cloudimg-rootfs ro console=tty1 console=ttyS0
[    0.000000] KERNEL supported cpus:
[    0.000000]   Intel GenuineIntel
[    0.000000]   AMD AuthenticAMD
[    0.000000]   Centaur CentaurHauls
[    0.000000] x86/fpu: xstate_offset[2]:  576, xstate_sizes[2]:  256
[    0.000000] x86/fpu: Supporting XSAVE feature 0x01: 'x87 floating point registers'
[    0.000000] x86/fpu: Supporting XSAVE feature 0x02: 'SSE registers'
[    0.000000] x86/fpu: Supporting XSAVE feature 0x04: 'AVX registers'
[    0.000000] x86/fpu: Enabled xstate features 0x7, context size is 832 bytes, using 'standard' format.
[    0.000000] x86/fpu: Using 'lazy' FPU context switches.
[    0.000000] e820: BIOS-provided physical RAM map:
[    0.000000] BIOS-e820: [mem 0x0000000000000000-0x000000000009fbff] usable
[    0.000000] BIOS-e820: [mem 0x000000000009fc00-0x000000000009ffff] reserved
[    0.000000] BIOS-e820: [mem 0x00000000000f0000-0x00000000000fffff] reserved
[    0.000000] BIOS-e820: [mem 0x0000000000100000-0x000000003ffeffff] usable
[    0.000000] BIOS-e820: [mem 0x000000003fff0000-0x000000003fffffff] ACPI data
[    0.000000] BIOS-e820: [mem 0x00000000fec00000-0x00000000fec00fff] reserved
[    0.000000] BIOS-e820: [mem 0x00000000fee00000-0x00000000fee00fff] reserved
[    0.000000] BIOS-e820: [mem 0x00000000fffc0000-0x00000000ffffffff] reserved
[    0.000000] NX (Execute Disable) protection: active
[    0.000000] SMBIOS 2.5 present.
[    0.000000] Hypervisor detected: KVM
[    0.000000] e820: last_pfn = 0x3fff0 max_arch_pfn = 0x400000000
[    0.000000] MTRR: Disabled
[    0.000000] x86/PAT: MTRRs disabled, skipping PAT initialization too.
[    0.000000] CPU MTRRs all blank - virtualized system.
[    0.000000] x86/PAT: Configuration [0-7]: WB  WT  UC- UC  WB  WT UC- UC  
[    0.000000] found SMP MP-table at [mem 0x0009fff0-0x0009ffff] mapped at [ffff88000009fff0]
[    0.000000] Scanning 1 areas for low memory corruption
[    0.000000] RAMDISK: [mem 0x36abc000-0x37555fff]
[    0.000000] ACPI: Early table checksum verification disabled
[    0.000000] ACPI: RSDP 0x00000000000E0000 000024 (v02 VBOX  )
[    0.000000] ACPI: XSDT 0x000000003FFF0030 00003C (v01 VBOX   VBOXXSDT 00000001 ASL  00000061)
[    0.000000] ACPI: FACP 0x000000003FFF00F0 0000F4 (v04 VBOX   VBOXFACP 00000001 ASL  00000061)
[    0.000000] ACPI: DSDT 0x000000003FFF0470 0021FF (v02 VBOX   VBOXBIOS 00000002 INTL 20170929)
[    0.000000] ACPI: FACS 0x000000003FFF0200 000040
[    0.000000] ACPI: FACS 0x000000003FFF0200 000040
[    0.000000] ACPI: APIC 0x000000003FFF0240 00005C (v02 VBOX   VBOXAPIC 00000001 ASL  00000061)
[    0.000000] ACPI: SSDT 0x000000003FFF02A0 0001CC (v01 VBOX   VBOXCPUT 00000002 INTL 20170929)
[    0.000000] No NUMA configuration found
[    0.000000] Faking a node at [mem 0x0000000000000000-0x000000003ffeffff]
[    0.000000] NODE_DATA(0) allocated [mem 0x3ffeb000-0x3ffeffff]
[    0.000000] kvm-clock: Using msrs 4b564d01 and 4b564d00
[    0.000000] kvm-clock: cpu 0, msr 0:3ffe3001, primary cpu clock
[    0.000000] kvm-clock: using sched offset of 2956449504 cycles
[    0.000000] clocksource: kvm-clock: mask: 0xffffffffffffffff max_cycles: 0x1cd42e4dffb, max_idle_ns: 881590591483 ns
[    0.000000] Zone ranges:
[    0.000000]   DMA      [mem 0x0000000000001000-0x0000000000ffffff]
[    0.000000]   DMA32    [mem 0x0000000001000000-0x000000003ffeffff]
[    0.000000]   Normal   empty
[    0.000000]   Device   empty
[    0.000000] Movable zone start for each node
[    0.000000] Early memory node ranges
[    0.000000]   node   0: [mem 0x0000000000001000-0x000000000009efff]
[    0.000000]   node   0: [mem 0x0000000000100000-0x000000003ffeffff]
[    0.000000] Initmem setup node 0 [mem 0x0000000000001000-0x000000003ffeffff]
[    0.000000] ACPI: PM-Timer IO Port: 0x4008
[    0.000000] IOAPIC[0]: apic_id 2, version 32, address 0xfec00000, GSI 0-23
[    0.000000] ACPI: INT_SRC_OVR (bus 0 bus_irq 0 global_irq 2 dfl dfl)
[    0.000000] ACPI: INT_SRC_OVR (bus 0 bus_irq 9 global_irq 9 low level)
[    0.000000] Using ACPI (MADT) for SMP configuration information
[    0.000000] smpboot: Allowing 2 CPUs, 0 hotplug CPUs
[    0.000000] PM: Registered nosave memory: [mem 0x00000000-0x00000fff]
[    0.000000] PM: Registered nosave memory: [mem 0x0009f000-0x0009ffff]
[    0.000000] PM: Registered nosave memory: [mem 0x000a0000-0x000effff]
[    0.000000] PM: Registered nosave memory: [mem 0x000f0000-0x000fffff]
[    0.000000] e820: [mem 0x40000000-0xfebfffff] available for PCI devices
[    0.000000] Booting paravirtualized kernel on KVM
[    0.000000] clocksource: refined-jiffies: mask: 0xffffffff max_cycles: 0xffffffff, max_idle_ns: 7645519600211568 ns
[    0.000000] setup_percpu: NR_CPUS:512 nr_cpumask_bits:512 nr_cpu_ids:2 nr_node_ids:1
[    0.000000] PERCPU: Embedded 34 pages/cpu @ffff88003fc00000 s98328 r8192 d32744 u1048576
[    0.000000] PV qspinlock hash table entries: 256 (order: 0, 4096 bytes)
[    0.000000] Built 1 zonelists in Node order, mobility grouping on.  Total pages: 257913
[    0.000000] Policy zone: DMA32
[    0.000000] Kernel command line: BOOT_IMAGE=/boot/vmlinuz-4.4.0-101-generic root=LABEL=cloudimg-rootfs ro console=tty1 console=ttyS0
[    0.000000] PID hash table entries: 4096 (order: 3, 32768 bytes)
[    0.000000] Memory: 1001708K/1048120K available (8484K kernel code, 1294K rwdata, 3988K rodata, 1492K init, 1316K bss, 46412K reserved, 0K cma-reserved)
[    0.000000] SLUB: HWalign=64, Order=0-3, MinObjects=0, CPUs=2, Nodes=1
[    0.000000] Hierarchical RCU implementation.
[    0.000000] 	Build-time adjustment of leaf fanout to 64.
[    0.000000] 	RCU restricting CPUs from NR_CPUS=512 to nr_cpu_ids=2.
[    0.000000] RCU: Adjusting geometry for rcu_fanout_leaf=64, nr_cpu_ids=2
[    0.000000] NR_IRQS:33024 nr_irqs:440 16
[    0.000000] Console: colour VGA+ 80x25
[    0.000000] console [tty1] enabled
[    0.000000] console [ttyS0] enabled
[    0.000000] tsc: Detected 2808.000 MHz processor
[    0.143700] Calibrating delay loop (skipped) preset value.. 5616.00 BogoMIPS (lpj=11232000)
[    0.144851] pid_max: default: 32768 minimum: 301
[    0.145466] ACPI: Core revision 20150930
[    0.146751] ACPI: 2 ACPI AML tables successfully acquired and loaded
[    0.147816] Security Framework initialized
[    0.148379] Yama: becoming mindful.
[    0.148895] AppArmor: AppArmor initialized
[    0.149548] Dentry cache hash table entries: 131072 (order: 8, 1048576 bytes)
[    0.150524] Inode-cache hash table entries: 65536 (order: 7, 524288 bytes)
[    0.151731] Mount-cache hash table entries: 2048 (order: 2, 16384 bytes)
[    0.152541] Mountpoint-cache hash table entries: 2048 (order: 2, 16384 bytes)
[    0.153497] Initializing cgroup subsys io
[    0.154057] Initializing cgroup subsys memory
[    0.154646] Initializing cgroup subsys devices
[    0.155241] Initializing cgroup subsys freezer
[    0.155858] Initializing cgroup subsys net_cls
[    0.156458] Initializing cgroup subsys perf_event
[    0.157077] Initializing cgroup subsys net_prio
[    0.157745] Initializing cgroup subsys hugetlb
[    0.158340] Initializing cgroup subsys pids
[    0.158981] CPU: Physical Processor ID: 0
[    0.159540] CPU: Processor Core ID: 0
[    0.161080] mce: CPU supports 0 MCE banks
[    0.161652] Last level iTLB entries: 4KB 64, 2MB 8, 4MB 8
[    0.162336] Last level dTLB entries: 4KB 64, 2MB 0, 4MB 0, 1GB 4
[    0.164568] Freeing SMP alternatives memory: 32K
[    0.171510] ftrace: allocating 32156 entries in 126 pages
[    0.202604] smpboot: APIC(0) Converting physical 0 to logical package 0
[    0.204525] smpboot: Max logical packages: 1
[    0.205290] x2apic enabled
[    0.205893] Switched APIC routing to physical x2apic.
[    0.207627] ..TIMER: vector=0x30 apic1=0 pin1=2 apic2=-1 pin2=-1
[    0.314839] smpboot: CPU0: Intel(R) Core(TM) i7-7700HQ CPU @ 2.80GHz (family: 0x6, model: 0x9e, stepping: 0x9)
[    0.318775] Performance Events: unsupported p6 CPU model 158 no PMU driver, software events only.
[    0.320189] KVM setup paravirtual spinlock
[    0.321358] x86: Booting SMP configuration:
[    0.321956] .... node  #0, CPUs:      #1
[    0.322605] kvm-clock: cpu 1, msr 0:3ffe3041, secondary cpu clock
[    0.324150] mce: CPU supports 0 MCE banks
[    0.326435] x86: Booted up 1 node, 2 CPUs
[    0.327191] smpboot: Total of 2 processors activated (11232.00 BogoMIPS)
[    0.328458] devtmpfs: initialized
[    0.330381] evm: security.selinux
[    0.330913] evm: security.SMACK64
[    0.331452] evm: security.SMACK64EXEC
[    0.331997] evm: security.SMACK64TRANSMUTE
[    0.332592] evm: security.SMACK64MMAP
[    0.333153] evm: security.ima
[    0.333612] evm: security.capability
[    0.334303] clocksource: jiffies: mask: 0xffffffff max_cycles: 0xffffffff, max_idle_ns: 7645041785100000 ns
[    0.335637] futex hash table entries: 512 (order: 3, 32768 bytes)
[    0.336577] pinctrl core: initialized pinctrl subsystem
[    0.337363] RTC time: 10:58:44, date: 11/29/17
[    0.338491] NET: Registered protocol family 16
[    0.351211] cpuidle: using governor ladder
[    0.366738] cpuidle: using governor menu
[    0.367327] PCCT header not found.
[    0.367930] ACPI: bus type PCI registered
[    0.368518] acpiphp: ACPI Hot Plug PCI Controller Driver version: 0.5
[    0.369417] PCI: Using configuration type 1 for base access
[    0.383479] ACPI: Added _OSI(Module Device)
[    0.387088] ACPI: Added _OSI(Processor Device)
[    0.387768] ACPI: Added _OSI(3.0 _SCP Extensions)
[    0.388439] ACPI: Added _OSI(Processor Aggregator Device)
[    0.389686] ACPI: Executed 1 blocks of module-level executable AML code
[    0.392083] ACPI: Interpreter enabled
[    0.392659] ACPI: (supports S0 S5)
[    0.393205] ACPI: Using IOAPIC for interrupt routing
[    0.394012] PCI: Using host bridge windows from ACPI; if necessary, use "pci=nocrs" and report a bug
[    0.397726] ACPI: PCI Root Bridge [PCI0] (domain 0000 [bus 00-ff])
[    0.399619] acpi PNP0A03:00: _OSC: OS supports [ASPM ClockPM Segments MSI]
[    0.400529] acpi PNP0A03:00: _OSC: not requesting OS control; OS requires [ExtendedConfig ASPM ClockPM MSI]
[    0.401875] acpi PNP0A03:00: fail to add MMCONFIG information, can't access extended PCI configuration space under this bridge.
[    0.403578] PCI host bridge to bus 0000:00
[    0.404229] pci_bus 0000:00: root bus resource [io  0x0000-0x0cf7 window]
[    0.405088] pci_bus 0000:00: root bus resource [io  0x0d00-0xffff window]
[    0.405904] pci_bus 0000:00: root bus resource [mem 0x000a0000-0x000bffff window]
[    0.407083] pci_bus 0000:00: root bus resource [mem 0x40000000-0xfdffffff window]
[    0.408228] pci_bus 0000:00: root bus resource [bus 00-ff]
[    0.409916] pci 0000:00:01.1: legacy IDE quirk: reg 0x10: [io  0x01f0-0x01f7]
[    0.410794] pci 0000:00:01.1: legacy IDE quirk: reg 0x14: [io  0x03f6]
[    0.411621] pci 0000:00:01.1: legacy IDE quirk: reg 0x18: [io  0x0170-0x0177]
[    0.412550] pci 0000:00:01.1: legacy IDE quirk: reg 0x1c: [io  0x0376]
[    0.422935] pci 0000:00:07.0: quirk: [io  0x4000-0x403f] claimed by PIIX4 ACPI
[    0.429271] pci 0000:00:07.0: quirk: [io  0x4100-0x410f] claimed by PIIX4 SMB
[    0.437242] ACPI: PCI Interrupt Link [LNKA] (IRQs 5 9 10 *11)
[    0.447361] ACPI: PCI Interrupt Link [LNKB] (IRQs 5 9 *10 11)
[    0.452875] ACPI: PCI Interrupt Link [LNKC] (IRQs 5 *9 10 11)
[    0.453963] ACPI: PCI Interrupt Link [LNKD] (IRQs 5 9 10 *11)
[    0.455125] ACPI: Enabled 2 GPEs in block 00 to 07
[    0.456241] vgaarb: setting as boot device: PCI:0000:00:02.0
[    0.456995] vgaarb: device added: PCI:0000:00:02.0,decodes=io+mem,owns=io+mem,locks=none
[    0.458174] vgaarb: loaded
[    0.458634] vgaarb: bridge control possible 0000:00:02.0
[    0.460681] SCSI subsystem initialized
[    0.461378] ACPI: bus type USB registered
[    0.461989] usbcore: registered new interface driver usbfs
[    0.462729] usbcore: registered new interface driver hub
[    0.463535] usbcore: registered new device driver usb
[    0.464522] PCI: Using ACPI for IRQ routing
[    0.465356] NetLabel: Initializing
[    0.465884] NetLabel:  domain hash size = 128
[    0.466509] NetLabel:  protocols = UNLABELED CIPSOv4
[    0.467260] NetLabel:  unlabeled traffic allowed by default
[    0.468208] amd_nb: Cannot enumerate AMD northbridges
[    0.468982] clocksource: Switched to clocksource kvm-clock
[    0.474838] AppArmor: AppArmor Filesystem Enabled
[    0.487998] pnp: PnP ACPI init
[    0.488939] pnp: PnP ACPI: found 3 devices
[    0.497228] clocksource: acpi_pm: mask: 0xffffff max_cycles: 0xffffff, max_idle_ns: 20801024 ns
[    0.538641] NET: Registered protocol family 2

[    0.539422] TCP established hash table entries: 8192 (order: 4, 65536 bytes)
[    0.540342] TCP bind hash table entries: 8192 (order: 5, 131072 bytes)
[    0.541226] TCP: Hash tables configured (established 8192 bind 8192)
[    0.542051] UDP hash table entries: 512 (order: 2, 16384 bytes)
[    0.542795] UDP-Lite hash table entries: 512 (order: 2, 16384 bytes)
[    0.543937] NET: Registered protocol family 1
[    0.544539] pci 0000:00:00.0: Limiting direct PCI/PCI transfers
[    0.545298] pci 0000:00:01.0: Activating ISA DMA hang workarounds
[    0.546181] Unpacking initramfs...
[    1.867146] Freeing initrd memory: 10856K
[    2.147950] platform rtc_cmos: registered platform RTC device (no PNP device found)
[    2.148943] Scanning for low memory corruption every 60 seconds
[    2.150047] audit: initializing netlink subsys (disabled)
[    2.150703] audit: type=2000 audit(1511953130.051:1): initialized
[    2.151592] Initialise system trusted keyring
[    2.152322] HugeTLB registered 2 MB page size, pre-allocated 0 pages
[    2.154114] zbud: loaded
[    2.154670] VFS: Disk quotas dquot_6.6.0
[    2.155210] VFS: Dquot-cache hash table entries: 512 (order 0, 4096 bytes)
[    2.156154] squashfs: version 4.0 (2009/01/31) Phillip Lougher
[    2.157096] fuse init (API version 7.23)
[    2.164401] Key type big_key registered
[    2.164939] Allocating IMA MOK and blacklist keyrings.
[    2.166155] Key type asymmetric registered
[    2.166708] Asymmetric key parser 'x509' registered
[    2.167372] Block layer SCSI generic (bsg) driver version 0.4 loaded (major 249)
[    2.168421] io scheduler noop registered
[    2.168935] io scheduler deadline registered (default)
[    2.169589] io scheduler cfq registered
[    2.170158] pci_hotplug: PCI Hot Plug PCI Core version: 0.5
[    2.170815] pciehp: PCI Express Hot Plug Controller Driver version: 0.4
[    2.171634] ACPI: AC Adapter [AC] (on-line)
[    2.172213] input: Power Button as /devices/LNXSYSTM:00/LNXPWRBN:00/input/input0
[    2.173204] ACPI: Power Button [PWRF]
[    2.173751] input: Sleep Button as /devices/LNXSYSTM:00/LNXSLPBN:00/input/input1
[    2.174697] ACPI: Sleep Button [SLPF]
[    2.175304] GHES: HEST is not enabled!
[    2.176297] ACPI: Battery Slot [BAT0] (battery present)
[    2.176938] Serial: 8250/16550 driver, 32 ports, IRQ sharing enabled
[    2.198220] 00:02: ttyS0 at I/O 0x3f8 (irq = 4, base_baud = 115200) is a 16550A
[    2.339873] Linux agpgart interface v0.103
[    2.409300] loop: module loaded
[    2.458205] scsi host0: ata_piix
[    2.458818] scsi host1: ata_piix
[    2.459312] ata1: PATA max UDMA/33 cmd 0x1f0 ctl 0x3f6 bmdma 0xd000 irq 14
[    2.460140] ata2: PATA max UDMA/33 cmd 0x170 ctl 0x376 bmdma 0xd008 irq 15
[    2.460982] libphy: Fixed MDIO Bus: probed
[    2.461560] tun: Universal TUN/TAP device driver, 1.6
[    2.462165] tun: (C) 1999-2004 Max Krasnyansky <maxk@qualcomm.com>
[    2.462904] PPP generic driver version 2.4.2
[    2.463488] ehci_hcd: USB 2.0 'Enhanced' Host Controller (EHCI) Driver
[    2.464219] ehci-pci: EHCI PCI platform driver
[    2.464785] ehci-platform: EHCI generic platform driver
[    2.466530] ohci_hcd: USB 1.1 'Open' Host Controller (OHCI) Driver
[    2.467278] ohci-pci: OHCI PCI plttoorm drive
[    2.677686]oocc--platform: OHCI genercc platform driver
[    3.087755] hhcihhcd: US  Universal Host Controller Interface driver
[    3.418462] tsc: Refined TSC clocksource calibration: 2813.042 MHz
[    3.419614] clocksource: tsc: mask: 0xffffffffffffffff max_cycles: 0x288c60edd9b, max_idle_ns: 440795221577 ns
[    3.422978] i8042: PNP: PS/2 Controller [PNP0303:PS2K,PNP0f03:PS2M] at 0x60,0x64 irq 1,12
[    3.424772] serio: i8042 KBD port at 0x60,0x64 irq 1
[    3.425581] serio: i8042 AUX port at 0x60,0x64 irq 12
[    3.426493] mousedev: PS/2 mouse device common for all mice
[    3.427695] input: AT Translated Set 2 keyboard as /devices/platform/i8042/serio0/input/input2
[    3.428945] rtc_cmos rtc_cmos: rtc core: registered rtc_cmos as rtc0
[    3.429894] rtc_cmos rtc_cmos: alarms up to one day, 114 bytes nvram
[    3.430736] i2c /dev entries driver
[    3.431291] device-mapper: uevent: version 1.0.3
[    3.431953] device-mapper: ioctl: 4.34.0-ioctl (2015-10-28) initialised: dm-devel@redhat.com
[    3.433075] ledtrig-cpu: registered to indicate activity on CPUs
[    3.434130] NET: Registered protocol family 10
[    3.434860] NET: Registered protocol family 17
[    3.435461] Key type dns_resolver registered
[    3.436180] microcode: CPU0 sig=0x906e9, pf=0x8, revision=0x0
[    3.436888] microcode: CPU1 sig=0x906e9, pf=0x8, revision=0x0
[    3.437638] microcode: Microcode Update Driver: v2.01 <tigran@aivazian.fsnet.co.uk>, Peter Oruba
[    3.438808] registered taskstats version 1
[    3.439383] Loading compiled-in X.509 certificates
[    3.440633  Loaded X.509 cert 'Build tim  uutogeeerated kernel key: f91c6829a34a801956ec6287af569c0a1f1f8d39'
[    4.308099] zswap: loaded using pool lzo/zbud
[    4.310092] Key type trusted registered
[    4.317715] Key type encrypted registered
[    4.324083] AppArmor: AppArmor sha1 policy hashing enabled
[    4.324772] ima: No TPM chip found, activating TPM-bypass!
[    4.325515] evm: HMAC attrs: 0x1
[    4.326276]   Magic number: 9:712:983
[    4.326904] rtc_cmos rtc_cmos: setting system clock to 2017-11-29 10:58:48 UTC (1511953128)
[    4.328236] BIOS EDD facility v0.16 2004-Jun-25, 0 devices found
[    4.328967] EDD information not available.
[    4.330593] Freeing unused kernel memory: 1492K
[    4.331196] Write protecting the kernel read-only data: 14336k
[    4.332497] Freeing unused kernel memory: 1744K
[    4.333320] Freeing unused kernel memory: 108K
Loading, please wait...
starting version[    4.342369] random: systemd-udevd: uninitialized urandom read (16 bytes read, 3 bits of entropy available)
 229
[    4.342901] random: udevadm: uninitialized urandom read (16 bytes read, 3 bits of entropy available)
[    4.342916] random: udevadm: uninitialized urandom read (16 bytes read, 3 bits of entropy available)
[    4.347743] random: udevadm: uninitialized urandom read (16 bytes read, 3 bits of entropy available)
[    4.347769] random: udevadm: uninitialized urandom read (16 bytes read, 3 bits of entropy available)
[    4.347851] random: udevadm: uninitialized urandom read (16 bytes read, 3 bits of entropy available)
[    4.347878] random: udevadm: uninitialized urandom read (16 bytes read, 3 bits of entropy available)
[    4.347905] random: udevadm: uninitialized urandom read (16 bytes read, 3 bits of entropy available)
[    4.347933] random: udevadm: uninitialized urandom read (16 bytes read, 3 bits of entropy available)
[    4.347961] random: udevadm: uninitialized urandom read (16 bytes read, 3 bits of entropy available)
[    4.382954] e1000: Intel(R) PRO/1000 Network Driver - version 7.3.21-k8-NAPI
[    4.483716] e1000: Copyright (c) 1999-2006 Intel Corporation.
[    4.488482] Fusion MPT base driver 3.04.20
[    4.517786] Copyright (c) 1999-2008 LSI Corporation
[    4.521542] Fusion MPT SPI Host driver 3.04.20
[    4.540722] AVX2 version of gcm_enc/dec engaged.
[    4.674924] AES CTR mode by8 optimization enabled
[    4.869967] input: ImExPS/2 Generic Explorer Mouse as /devices/platform/i8042/serio1/input/input4
[    5.521708] e1000 0000:00:03.0 eth0: (PCI:33MHz:32-bit) 02:44:03:e3:22:ab
[    5.528084] e1000 0000:00:03.0 eth0: Intel(R) PRO/1000 Network Connection
[    6.062172] e1000 0000:00:08.0 eth1: (PCI:33MHz:32-bit) 08:00:27:d6:2d:08
[    6.268640] e1000 0000:00:08.0 eth1: Intel(R) PRO/1000 Network Connection
[    7.063735] e1000 0000:00:09.0 eth2: (PCI:33MHz:32-bit) 08:00:27:b8:48:d4
[    7.266114] e1000 0000:00:09.0 eth2: Intel(R) PRO/1000 Network Connection
[    7.471542] mptbase: ioc0: Initiating bringup
[    7.472099] e1000 0000:00:08.0 enp0s8: renamed from eth1
[    7.527355] floppy0: no floppy controllers found
[    7.645294] e1000 0000:00:03.0 enp0s3: renamed from eth0
[    7.821521] e1000 0000:00:09.0 enp0s9: renamed from eth2
[    8.113350] ioc0: LSI53C1030 A0: Capabilities={Initiator}
[    8.612720] scsi host2: ioc0: LSI53C1030 A0, FwRev=00000000h, Ports=1, MaxQ=256, IRQ=20
[    8.951040] scsi 2:0:0:0: Direct-Access     VBOX     HARDDISK         1.0  PQ: 0 ANSI: 5
[    9.378958] scsi target2:0:0: Beginning Domain Validation
[    9.708929] scsi target2:0:0: Domain Validation skipping write tests
[    9.722910] scsi target2:0:0: Ending Domain Validation
[    9.742365] scsi target2:0:0: asynchronous
[    9.743257] scsi 2:0:1:0: Direct-Access     VBOX     HARDDISK         1.0  PQ: 0 ANSI: 5
[    9.744468] scsi target2:0:1: Beginning Domain Validation
[    9.745657] scsi target2:0:1: Domain Validation skipping write tests
[    9.746522] scsi target2:0:1: Ending Domain Validation
[    9.747390] scsi target2:0:1: asynchronous
[    9.751791] sd 2:0:0:0: [sda] 20971520 512-byte logical blocks: (10.7 GB/10.0 GiB)
[    9.753326] sd 2:0:0:0: Attached scsi generic sg0 type 0
[    9.754497] sd 2:0:1:0: [sdb] 20480 512-byte logical blocks: (10.5 MB/10.0 MiB)
[    9.754561] sd 2:0:1:0: Attached scsi generic sg1 type 0
[    9.754745] sd 2:0:0:0: [sda] Write Protect is off
[    9.754866] sd 2:0:0:0: [sda] Incomplete mode parameter data
[    9.754866] sd 2:0:0:0: [sda] Assuming drive cache: write through
[    9.774144]  sda: sda1
[    9.774619] sd 2:0:0:0: [sda] Attached SCSI disk
[    9.780808] sd 2:0:1:0: [sdb] Write Protect is off
[    9.781644] sd 2:0:1:0: [sdb] Incomplete mode parameter data
[    9.782311] sd 2:0:1:0: [sdb] Assuming drive cache: write through
[    9.784831] sd 2:0:1:0: [sdb] Attached SCSI disk
Begin: Loading e[   11.024951] md: linear personality registered for level -1
ssential drivers[   11.167830] md: multipath personality registered for level -4
 ... [   11.250712] md: raid0 personality registered for level 0
[   11.316053] md: raid1 personality registered for level 1
[   11.437032] raid6: sse2x1   gen() 12833 MB/s
[   11.625029] raid6: sse2x1   xor()  9600 MB/s
[   11.817033] raid6: sse2x2   gen() 15749 MB/s
[   11.905031] raid6: sse2x2   xor() 10333 MB/s
[   12.049029] raid6: sse2x4   gen() 17811 MB/s
[   12.169030] raid6: sse2x4   xor() 11350 MB/s
[   12.281022] raid6: avx2x1   gen() 25125 MB/s
[   12.393012] raid6: avx2x2   gen() 24711 MB/s
[   12.481024] raid6: avx2x4   gen() 29081 MB/s
[   12.608794] raid6: using algorithm avx2x4 gen() 29081 MB/s
[   12.773815] raid6: using avx2x2 recovery algorithm
[   12.876278] xor: automatically using best checksumming function:
[   12.937320]    avx       : 51605.000 MB/sec
[   13.378824] async_tx: api initialized (async)
[   13.479089] md: raid6 personality registered for level 6
[   13.538435] md: raid5 personality registered for level 5
[   13.601349] md: raid4 personality registered for level 4
[   13.666515] md: raid10 personality registered for level 10
done.
Begin: Running[   13.748078] Btrfs loaded
 /scripts/init-premount ... done.
Begin: Mounting root file system ... Begin: Running /scripts/local-top ... done.
Begin: Running /scripts/local-premount ... Scanning for Btrfs filesystems
done.
Warning: fsck no[   13.776501] EXT4-fs (sda1): mounted filesystem with ordered data mode. Opts: (null)
t present, so skipping root file system
done.
Begin: Running /scripts/local-bottom ... done.
Begin: Running /scripts/init-bottom ... done.
[   13.953154] systemd[1]: systemd 229 running in system mode. (+PAM +AUDIT +SELINUX +IMA +APPARMOR +SMACK +SYSVINIT +UTMP +LIBCRYPTSETUP +GCRYPT +GNUTLS +ACL +XZ -LZ4 +SECCOMP +BLKID +ELFUTILS +KMOD -IDN)
[   14.498274] systemd[1]: Detected virtualization oracle.
[   14.652387] systemd[1]: Detected architecture x86-64.

Welcome to [1mUbuntu 16.04.3 LTS[0m!

[   14.719187] systemd[1]: Set hostname to <ubuntu>.
[   14.720869] systemd[1]: Initializing machine ID from random generator.
[   14.721776] systemd[1]: Installed transient /etc/machine-id file.
[   14.795101] systemd[1]: Reached target Encrypted Volumes.
[[0;32m  OK  [0m] Reached target Encrypted Volumes.
[   14.802140] systemd[1]: Set up automount Arbitrary Executable File Formats File System Automount Point.
[[0;32m  OK  [0m] Set up automount Arbitrary Executab...ats File System Automount Point.
[   14.804518] systemd[1]: Listening on udev Control Socket.
[[0;32m  OK  [0m] Listening on udev Control Socket.
[   14.806098] systemd[1]: Reached target Swap.
[[0;32m  OK  [0m] Reached target Swap.
[   14.807659] systemd[1]: Created slice System Slice.
[[0;32m  OK  [0m] Created slice System Slice.
[   14.811067] systemd[1]: Created slice User and Session Slice.
[[0;32m  OK  [0m] Created slice User and Session Slice.
[   14.812636] systemd[1]: Listening on Journal Socket (/dev/log).
[[0;32m  OK  [0m] Listening on Journal Socket (/dev/log).
[   14.814237] systemd[1]: Listening on LVM2 poll daemon socket.
[[0;32m  OK  [0m] Listening on LVM2 poll daemon socket.
[   14.815760] systemd[1]: Listening on Journal Audit Socket.
[[0;32m  OK  [0m] Listening on Journal Audit Socket.
[   14.817292] systemd[1]: Listening on /dev/initctl Compatibility Named Pipe.
[[0;32m  OK  [0m] Listening on /dev/initctl Compatibility Named Pipe.
[   14.818991] systemd[1]: Listening on udev Kernel Socket.
[[0;32m  OK  [0m] Listening on udev Kernel Socket.
[   14.820442] systemd[1]: Listening on Syslog Socket.
[[0;32m  OK  [0m] Listening on Syslog Socket.
[   14.821826] systemd[1]: Started Trigger resolvconf update for networkd DNS.
[[0;32m  OK  [0m] Started Trigger resolvconf update for networkd DNS.
[   14.823553] systemd[1]: Listening on Device-mapper event daemon FIFOs.
[[0;32m  OK  [0m] Listening on Device-mapper event daemon FIFOs.
[   14.825171] systemd[1]: Reached target User and Group Name Lookups.
[[0;32m  OK  [0m] Reached target User and Group Name Lookups.
[   14.826762] systemd[1]: Listening on LVM2 metadata daemon socket.
[[0;32m  OK  [0m] Listening on LVM2 metadata daemon socket.
[   14.828528] systemd[1]: Created slice system-serial\x2dgetty.slice.
[[0;32m  OK  [0m] Created slice system-serial\x2dgetty.slice.
[   14.830155] systemd[1]: Listening on Journal Socket.
[[0;32m  OK  [0m] Listening on Journal Socket.
[   14.841142] systemd[1]: Starting Uncomplicated firewall...
         Starting Uncomplicated firewall...
[   14.848007] systemd[1]: Starting Set console keymap...
         Starting Set console keymap...
[   14.852352] systemd[1]: Starting Create list of required static device nodes for the current kernel...
         Starting Create list of required st... nodes for the current kernel...
[   14.857498] systemd[1]: Mounting Huge Pages File System...
         Mounting Huge Pages File System...
[   14.868379] systemd[1]: Starting Journal Service...
         Starting Journal Service...
[   14.872535] systemd[1]: Starting Load Kernel Modules...
         Starting Load Kernel Modules...
[   14.878443] systemd[1]: Mounting Debug File System...
         Mounting Debug File System...
[   14.888819] Loading iSCSI transport class v2.0-870.
[   14.891785] systemd[1]: Mounting POSIX Message Queue File System...
         Mounting POSIX Message Queue File System...
[   14.898024] systemd[1]: Starting Nameserver information manager...
         Starting Nameserver information manager...
[   14.911120] iscsi: registered transport (tcp)
[   14.915425] systemd[1]: Starting Monitoring of LVM2 mirrors, snapshots etc. using dmeventd or progress polling...
         Starting Monitoring of LVM2 mirrors... dmeventd or progress polling...
[   14.919482] systemd[1]: Starting Remount Root and Kernel File Systems...
         Starting Remount Root and Kernel File Systems...
[   14.927883] systemd[1]: Reached target Slices.
[[0;32m  OK  [0m] Reached target Slices.
[   14.930666] systemd[1]: Started Forward Password Requests to Wall Directory Watch.
[[0;32m  OK  [0m] Started Forward Password Requests to Wall Directory Watch.
[   14.935458] EXT4-fs (sda1): re-mounted. Opts: (null)
[   14.936453] systemd[1]: Mounted POSIX Message Queue File System.
[[0;32m  OK  [[   14.942334] random: nonblocking pool is initialized
0m] Mounted POSIX Message Queue File System.
[   14.947886] systemd[1]: Mounted Debug File System.
[[0;32m  OK  [0m] Mounted Debug File System.
[   14.950876] systemd[1]: Mounted Huge Pages File System.
[[0;32m  OK  [0m] Mounted Huge Pages File System.
[   14.952831] systemd[1]: Started Journal Service.
[[0;32m  OK  [0m] Started Journal Service.
[[0;32m  OK  [0m] Started Uncomplicated firewall.
[[0;32m  OK  [0m] Started Set console keymap.
[[0;32m  OK  [0m] Started Create list of required sta...ce nodes for the current kernel.
[   14.961802] iscsi: registered transport (iser)
[[0;32m  OK  [0m] Started Load Kernel Modules.
[[0;32m  OK  [0m] Started Remount Root and Kernel File Systems.
[[0;32m  OK  [0m] Started Nameserver information manager.
[[0;32m  OK  [0m] Started LVM2 metadata daemon.
         Starting udev Coldplug all Devices...
         Starting Load/Save Random Seed...
         Starting Initial cloud-init job (pre-networking)...
         Mounting FUSE Control File System...
         Starting Apply Kernel Variables...
         Starting Create Static Device Nodes in /dev...
         Starting Flush Journal to Persistent Storage...
[[0;32m  OK  [0m] Mounted FUSE Control File System.
[[0;32m  OK  [0m] Started Monitoring of LVM2 mirrors,...ng dmeventd or progress polling.
[[0;32m  OK  [0m] Started Load/Save Random Seed.
[[0;32m  OK  [0m] Started Apply Kernel Variables.
[[0;32m  OK  [0m] Started Create Static Device Nodes in /dev.
[[0;32m  OK  [0m] Started udev Coldplug all Devices.
[   15.575679] cloud-init[448]: Cloud-init v. 17.1 running 'init-local' at Wed, 29 Nov 2017 10:58:59 +0000. Up 15.40 seconds.
[[0;32m  OK  [0m] Started Initial cloud-init job (pre-networking).
[[0;32m  OK  [0m] Started Flush Journal to Persistent Storage.
[[0;32m  OK  [0m] Reached target Network (Pre).
         Starting udev Kernel Device Manager...
[[0;32m  OK  [0m] Started udev Kernel Device Manager.
[[0;32m  OK  [0m] Reached target Local File Systems (Pre).
[[0;32m  OK  [0m] Reached target Local File Systems.
         Starting LSB: AppArmor initialization...
         Starting Set console font and keymap...
         Starting Tell Plymouth To Write Out Runtime Data...
         Starting Create Volatile Files and Directories...
         Starting Commit a transient machine-id on disk...
[[0;32m  OK  [0m] Started Dispatch Password Requests to Console Directory Watch.
[[0;32m  OK  [0m] Started Tell Plymouth To Write Out Runtime Data.
[[0;32m  OK  [0m] Started Create Volatile Files and Directories.
[[0;32m  OK  [0m] Found device /dev/ttyS0.
[[0;32m  OK  [0m] Reached target System Time Synchronized.
         Starting Update UTMP about System Boot/Shutdown...
[[0;1;31mFAILED[0m] Failed to start Set console font and keymap.
See 'systemctl status console-setup.service' for details.
[[0;32m  OK  [0m] Started LSB: AppArmor initialization.
[[0;32m  OK  [0m] Started Commit a transient machine-id on disk.
[[0;32m  OK  [0m] Started Update UTMP about System Boot/Shutdown.
[[0;32m  OK  [0m] Listening on Load/Save RF Kill Switch Status /dev/rfkill Watch.
[[0;32m  OK  [0m] Started ifup for enp0s3.
         Starting Raise network interfaces...
[[0;32m  OK  [0m] Created slice system-getty.slice.
[[0;32m  OK  [0m] Started Raise network interfaces.
[[0;32m  OK  [0m] Reached target Network.
         Starting Initial cloud-init job (metadata service crawler)...
[   19.842551] cloud-init[965]: Cloud-init v. 17.1 running 'init' at Wed, 29 Nov 2017 10:59:03 +0000. Up 19.21 seconds.
[   19.876571] cloud-init[965]: ci-info: +++++++++++++++++++++++++++++++++++++Net device info++++++++++++++++++++++++++++++++++++++
[   19.877799] cloud-init[965]: ci-info: +--------+-------+---------------------------+---------------+-------+-------------------+
[   19.878998] cloud-init[965]: ci-info: | Device |   Up  |          Address          |      Mask     | Scope |     Hw-Address    |
[   19.892197] cloud-init[965]: ci-info: +--------+-------+---------------------------+---------------+-------+-------------------+
[   19.892312] cloud-init[965]: ci-info: | enp0s3 |  True |         10.0.2.15         | 255.255.255.0 |   .   | 02:44:03:e3:22:ab |
[[0;32m  OK  [0m] Started Initial cloud-init job (metadata service crawler).
[   19.892441] cloud-init[965]: ci-info: | enp0s3 |  True | fe80::44:3ff:fee3:22ab/64 |       .       |  link | 02:44:03:e3:22:ab |
[   19.901703] cloud-init[965]: ci-info: | enp0s8 | False |             .             |       .       |   .   | 08:00:27:d6:2d:08 |
[   19.903892] cloud-init[965]: ci-info: | enp0s9 | False |             .             |       .       |   .   | 08:00:27:b8:48:d4 |
[   19.904097] cloud-init[965]: ci-info: |   lo   |  True |         127.0.0.1         |   255.0.0.0   |   .   |         .         |
[   19.904273] cloud-init[965]: ci-info: |   lo   |  True |          ::1/128          |       .       |  host |         .         |
[   19.904368] cloud-init[965]: ci-info: +--------+-------+---------------------------+---------------+-------+-------------------+
[   19.904448] cloud-init[965]: ci-info: +++++++++++++++++++++++++++Route IPv4 info++++++++++++++++++++++++++++
[   19.904532] cloud-init[965]: ci-info: +-------+-------------+----------+---------------+-----------+-------+
[[0;32m  OK  [0m] Reached target Network is Online.
[   19.904641] cloud-init[965]: ci-info: | Route | Destination | Gateway  |    Genmask    | Interface | Flags |
[   19.914041] cloud-init[965]: ci-info: +-------+-------------+----------+---------------+-----------+-------+
[   19.914965] cloud-init[965]: ci-info: |   0   |   0.0.0.0   | 10.0.2.2 |    0.0.0.0    |   enp0s3  |   UG  |
[   19.915900] cloud-init[965]: ci-info: |   1   |   10.0.2.0  | 0.0.0.0  | 255.255.255.0 |   enp0s3  |   U   |
[   19.916882] cloud-init[965]: ci-info: +-------+-------------+----------+---------------+-----------+-------+
[   19.917785] cloud-init[965]: Generating public/private rsa key pair.
[   19.918457] cloud-init[965]: Your identification has been saved in /etc/ssh/ssh_host_rsa_key.
[   19.920475] cloud-init[965]: Your public key has been saved in /etc/ssh/ssh_host_rsa_key.pub.
[   19.921363] cloud-init[965]: The key fingerprint is:
[   19.922261] cloud-init[965]: SHA256:mru9b37GBOoa82CEHiFgTNz1nhnXKkLl0xhmpeI5h3w root@ubuntu-xenial
[   19.925433] cloud-init[965]: The key's randomart image is:
[   19.930521] cloud-init[965]: +---[RSA 2048]----+
[   19.930736] cloud-init[965]: |=o. .. =..       |
         Starting iSCSI initiator daemon (iscsid)...
[   19.930928] cloud-init[965]: |.+ .  * = .      |
[   19.933187] cloud-init[965]: |  . .o B o .     |
[[0;32m  OK  [0m] Reached target System Initialization.
[   19.933277] cloud-init[965]: |   .+o= * o      |
[   19.988895] cloud-init[965]: |    oB.ESo .     |
[   19.989102] cloud-init[965]: |   . o=oo   .    |
[   19.989200] cloud-init[965]: |    . B.   o     |
[   19.989307] cloud-init[965]: |     . B. . +    |
[   19.989392] cloud-init[965]: |      +o+=oo     |
[   19.989488] cloud-init[965]: +----[SHA256]-----+
[[0;32m  OK  [0m] Started Timer to automatically refresh installed snaps.
[[   19.989596] cloud-init[965]: Generating public/private dsa key pair.
[   20.000636] cloud-init[965]: Your identification has been saved in /etc/ssh/ssh_host_dsa_key.
[   20.000691] cloud-init[965]: Your public key has been saved in /etc/ssh/ssh_host_dsa_key.pub.
[   20.000789] cloud-init[965]: The key fingerprint is:
[   20.000890] cloud-init[965]: SHA256:fU7DVHOVbhVmIvKMymPj+R0dK66XHCYpGI1ifPYapO0 root@ubuntu-xenial
[   20.000986] cloud-init[965]: The key's randomart image is:
[   20.001082] cloud-init[965]: +---[DSA 1024]----+
[   20.001181] cloud-init[965]: |         . . .o+*|
[   20.001282] cloud-init[965]: |          = ..++.|
[   20.001380] cloud-init[965]: |  .   o  . o. . .|
[   20.001482] cloud-init[965]: |   + *.... o   o |
[   20.001579] cloud-init[965]: |  . B +*S o =..  |
[   20.001678] cloud-init[965]: |   . +oo+o *..o  |
[   20.001779] cloud-init[965]: |    . oo. +o+o   |
[   20.001877] cloud-init[965]: |     E  . o+o    |
[   20.001975] cloud-init[965]: |         ooo     |
[   20.002076] cloud-init[965]: +----[SHA256]-----+
[   20.002175] cloud-init[965]: Generating public/private ecdsa key pair.
[   20.002278] cloud-init[965]: Your identification has been saved in /etc/ssh/ssh_host_ecdsa_key.
[   20.002388] cloud-init[965]: Your public key has been saved in /etc/ssh/ssh_host_ecdsa_key.pub.
[   20.002488] cloud-init[965]: The key fingerprint is:
[   20.002578] cloud-init[965]: SHA256:1xQgWUodpD5s/dS9C5FDVknwt4bu6R+evOVhLtDnlnI root@ubuntu-xenial
[   20.002679] cloud-init[965]: The key's randomart image is:
[   20.002777] cloud-init[965]: +---[ECDSA 256]---+
[   20.002876] cloud-init[965]: |        o==o..oo.|
[   20.002980] cloud-init[965]: |       ..+.  .o. |
[   20.003076] cloud-init[965]: |        o   .o ..|
[   20.003176] cloud-init[965]: |       o . oo.o.o|
[   20.003274] cloud-init[965]: |        S o +=.o.|
[   20.003373] cloud-init[965]: |       . o +..+..|
[   20.003473] cloud-init[965]: |            ooo=o|
[   20.003570] cloud-init[965]: |            .oBE*|
[   20.003668] cloud-init[965]: |            .+*Oo|
[   20.003784] cloud-init[965]: +----[SHA256]-----+
[0;32m  OK  [0m] Listening on D-Bus System Message Bus Socket.
[[   20.003911] cloud-init[965]: Generating public/private ed25519 key pair.
[   20.071921] cloud-init[965]: Your identification has been saved in /etc/ssh/ssh_host_ed25519_key.
[   20.071978] cloud-init[965]: Your public key has been saved in /etc/ssh/ssh_host_ed25519_key.pub.
[   20.072188] cloud-init[965]: The key fingerprint is:
[   20.072282] cloud-init[965]: SHA256:yCOyWoaevi+AqAl3dTkIi1wl4GcoBK/KZTM48jKi67Q root@ubuntu-xenial
[   20.072390] cloud-init[965]: The key's randomart image is:
[   20.072493] cloud-init[965]: +--[ED25519 256]--+
[   20.072591] cloud-init[965]: |o......          |
[   20.072686] cloud-init[965]: |.o .o.           |
[0;32m  OK  [0m] Listening on UUID daemon activation socket.
[[   20.072710] cloud-init[965]: |..+ooo . .       |
[   20.112559] cloud-init[965]: | o+o..o.+        |
[   20.112601] cloud-init[965]: |=o.=..+.S.       |
[   20.112679] cloud-init[965]: |Oo=o+. .         |
[   20.112761] cloud-init[965]: |X==.             |
[   20.112846] cloud-init[965]: |BBo              |
[   20.113078] cloud-init[965]: |*E+.             |
[   20.113177] cloud-init[965]: +----[SHA256]-----+
[0;32m  OK  [0m] Started Daily apt download activities.
[[0;32m  OK  [0m] Started Daily apt upgrade and clean activities.
         Starting Socket activation for snappy daemon.
         Starting LXD - unix socket.
[[0;32m  OK  [0m] Started ACPI Events Check.
[[0;32m  OK  [0m] Reached target Paths.
[[0;32m  OK  [0m] Listening on ACPID Listen Socket.
[[0;32m  OK  [0m] Started Daily Cleanup of Temporary Directories.
[[0;32m  OK  [0m] Reached target Timers.
[[0;32m  OK  [0m] Reached target Cloud-config availability.
[[0;32m  OK  [0m] Listening on Socket activation for snappy daemon.
[[0;32m  OK  [0m] Listening on LXD - unix socket.
[[0;32m  OK  [0m] Started iSCSI initiator daemon (iscsid).
         Starting Login to default iSCSI targets...
[[0;32m  OK  [0m] Reached target Sockets.
[[0;32m  OK  [0m] Reached target Basic System.
         Starting Login Service...
         Starting LXD - container startup/shutdown...
         Starting /etc/rc.local Compatibility...
[[0;32m  OK  [0m] Started ACPI event daemon.
         Starting Accounts Service...
[[0;32m  OK  [0m] Started Regular background program processing daemon.
[[0;32m  OK  [0m] Started D-Bus System Message Bus.
         Starting Pollinate to seed the pseudo random number generator...
         Starting LSB: Record successful boot for GRUB...
[[0;32m  OK  [0m] Started Deferred execution scheduler.
         Starting Apply the settings specified in cloud-config...
         Starting LSB: MD monitoring daemon...
         Starting System Logging Service...
[[0;32m  OK  [0m] Started FUSE filesystem for LXC.
[[0;32m  OK  [0m] Started Unattended Upgrades Shutdown.
         Starting Snappy daemon...
[[0;32m  OK  [0m] Started System Logging Service.
[[0;32m  OK  [0m] Started LXD - container startup/shutdown.
[[0;32m  OK  [0m] Started /etc/rc.local Compatibility.
[[0;32m  OK  [0m] Started LSB: Record successful boot for GRUB.
[[0;32m  OK  [0m] Started Login to default iSCSI targets.
[[0;32m  OK  [0m] Started Snappy daemon.
[[0;32m  OK  [0m] Started LSB: MD monitoring daemon.
[[0;32m  OK  [0m] Started Login Service.
         Starting Authenticate and Authorize Users to Run Privileged Tasks...
[[0;32m  OK  [0m] Reached target Remote File Systems (Pre).
[[0;32m  OK  [0m] Reached target Remote File Systems.
         Starting LSB: Set the CPU Frequency Scaling governor to "ondemand"...[   20.687045] cloud-init[1133]: Generating locales (this might take a while)...

         Starting Permit User Sessions...
         Starting LSB: VirtualBox Linux Additions...
         Starting LSB: automatic crash report generation...
         Starting LSB: daemon to balance interrupts for SMP systems...
[[0;32m  OK  [0m] Started Permit User Sessions.
[[0;32m  OK  [0m] Started Authenticate and Authorize Users to Run Privileged Tasks.
[[0;32m  OK  [0m] Started Accounts Service.
[[0;32m  OK  [0m] Started LSB: Set the CPU Frequency Scaling governor to "ondemand".
         Starting Terminate Plymouth Boot Screen...
         Starting Hold until boot process finishes up...
[[0;32m  OK  [0m] Started LSB: automatic crash report generation.
[[0;32m  OK  [0m] Started LSB: daemon to balance interrupts for SMP systems.
[[0;32m  OK  [0m] Started Terminate Plymouth Boot Screen.
[[0;32m  OK  [0m] Started Hold until boot process finishes up.
[[0;32m  OK  [0m] Started Serial Getty on ttyS0.
[[0;32m  OK  [0m] Started Getty on tty1.
[[0;32m  OK  [0m] Reached target Login Prompts.
         Starting Set console scheme...
[[0;32m  OK  [0m] Started LSB: VirtualBox Linux Additions.
[[0;32m  OK  [0m] Started Set console scheme.
[   21.355013] cloud-init[1133]:   en_US.UTF-8... done
[   21.360789] cloud-init[1133]: Generation complete.
[[0;32m  OK  [0m] Stopped OpenBSD Secure Shell server.
         Starting OpenBSD Secure Shell server...
[[0;32m  OK  [0m] Started OpenBSD Secure Shell server.
[[0;32m  OK  [0m] Created slice User Slice of ubuntu.
[   21.626425] cloud-init[1133]: Cloud-init v. 17.1 running 'modules:config' at Wed, 29 Nov 2017 10:59:05 +0000. Up 20.58 seconds.
[[0;32m  OK  [0m] Started Apply the settings specified in cloud-config.
[[0;32m  OK  [0m] Started Session 1 of user ubuntu.
         Starting User Manager for UID 1000...
[[0;32m  OK  [0m] Started User Manager for UID 1000.
[[0;32m  OK  [0m] Started Pollinate to seed the pseudo random number generator.
[[0;32m  OK  [0m] Reached target Multi-User System.
         Starting Execute cloud user/final scripts...
[[0;32m  OK  [0m] Reached target Graphical Interface.
         Starting Update UTMP about System Runlevel Changes...
[[0;32m  OK  [0m] Started Update UTMP about System Runlevel Changes.
ci-info: no authorized ssh keys fingerprints found for user ubuntu.
<14>Nov 29 10:59:08 ec2: 
<14>Nov 29 10:59:08 ec2: #############################################################
<14>Nov 29 10:59:08 ec2: -----BEGIN SSH HOST KEY FINGERPRINTS-----
<14>Nov 29 10:59:08 ec2: 1024 SHA256:fU7DVHOVbhVmIvKMymPj+R0dK66XHCYpGI1ifPYapO0 root@ubuntu-xenial (DSA)
<14>Nov 29 10:59:08 ec2: 256 SHA256:1xQgWUodpD5s/dS9C5FDVknwt4bu6R+evOVhLtDnlnI root@ubuntu-xenial (ECDSA)
<14>Nov 29 10:59:08 ec2: 256 SHA256:yCOyWoaevi+AqAl3dTkIi1wl4GcoBK/KZTM48jKi67Q root@ubuntu-xenial (ED25519)
<14>Nov 29 10:59:08 ec2: 2048 SHA256:mru9b37GBOoa82CEHiFgTNz1nhnXKkLl0xhmpeI5h3w root@ubuntu-xenial (RSA)
<14>Nov 29 10:59:08 ec2: -----END SSH HOST KEY FINGERPRINTS-----
<14>Nov 29 10:59:08 ec2: #############################################################
-----BEGIN SSH HOST KEY KEYS-----
ecdsa-sha2-nistp256 AAAAE2VjZHNhLXNoYTItbmlzdHAyNTYAAAAIbmlzdHAyNTYAAABBBHzWWRwIn61MFyjbVFzLpcTMgJOAKZffSyXHEMWCvg+IbpngvgvlDD0BMC2K/TBs6MElnO36e5NbXFI0sjb2/fk= root@ubuntu-xenial
ssh-ed25519 AAAAC3NzaC1lZDI1NTE5AAAAIP7vsEQUlvWaiVPtqCteZb21N4TUfU86+krJoCPW1Vq4 root@ubuntu-xenial
ssh-rsa AAAAB3NzaC1yc2EAAAADAQABAAABAQC6KRIn69VdfjM5BwMb81UySWZi2M7jBti7WQXmHiPWe9KtFzSAcKjuQYt1g/KwfMp2rOKI2hP41lrdVFMjIR4fe5gsz/1tpxr2ZkMVwHUEDkZJjcvXJ9EkFiBXRi37F6LXWtmZa81a9K5f9i9S1iYokIVQXt/go4L4kfmMdQusQwuZu08lBAXm5MJkRt1kx5+j1TIRuGTp61mJxwMSZzsAdk53Mn+u+5wsPWdRwFNHBTNCB2sI2ITKex7MVCA6l7pmOTvhGVXETaxuibKy22KhiiHfPehbbtiSSXNxD0iGGpEdNwUw7C39ri4zd/G1SluwJDmuf/+WeoJUvAoUPGat root@ubuntu-xenial
-----END SSH HOST KEY KEYS-----
[   23.875331] cloud-init[1449]: Cloud-init v. 17.1 running 'modules:final' at Wed, 29 Nov 2017 10:59:08 +0000. Up 23.67 seconds.
[   23.879038] cloud-init[1449]: ci-info: no authorized ssh keys fingerprints found for user ubuntu.
[   23.880211] cloud-init[1449]: Cloud-init v. 17.1 finished at Wed, 29 Nov 2017 10:59:08 +0000. Datasource DataSourceNoCloud [seed=/dev/sdb][dsmode=net].  Up 23.86 seconds
[[0;32m  OK  [0m] Started Execute cloud user/final scripts.
[[0;32m  OK  [0m] Reached target Cloud-init target.

Ubuntu 16.04.3 LTS ubuntu-xenial ttyS0

ubuntu-xenial login: 