 Warning: Environment variable UM_SECTOR_SIZE has not been set.
 Setting um_sector_size to 2048
 Failed to get the name of the parallel executable script from $PAREXE
 *** Model Exiting.
 Model aborted; timings not available
 *****************************************
 *****************************************
 Model completed with the following :
     Error Code :                   1023
     Message    : 
 *****************************************
 *****************************************
forrtl: error (76): Abort trap signal
Image              PC                Routine            Line        Source             
famous.MOSESII.sh  00000000009CC4B1  tbk_trace_stack_i     Unknown  Unknown
famous.MOSESII.sh  00000000009CA5EB  tbk_string_stack_     Unknown  Unknown
famous.MOSESII.sh  00000000009770F4  Unknown               Unknown  Unknown
famous.MOSESII.sh  0000000000976F06  tbk_stack_trace       Unknown  Unknown
famous.MOSESII.sh  0000000000910EB9  for__issue_diagno     Unknown  Unknown
famous.MOSESII.sh  0000000000917FB4  for__signal_handl     Unknown  Unknown
libpthread-2.23.s  00007FF4D2B6C390  Unknown               Unknown  Unknown
libc-2.23.so       00007FF4D27C6428  gsignal               Unknown  Unknown
libc-2.23.so       00007FF4D27C802A  abort                 Unknown  Unknown
famous.MOSESII.sh  0000000000412C4A  Unknown               Unknown  Unknown
famous.MOSESII.sh  000000000040BF2F  Unknown               Unknown  Unknown
famous.MOSESII.sh  000000000040AC1E  Unknown               Unknown  Unknown
libc-2.23.so       00007FF4D27B1830  __libc_start_main     Unknown  Unknown
famous.MOSESII.sh  000000000040AB29  Unknown               Unknown  Unknown
 Warning: Environment variable UM_SECTOR_SIZE has not been set.
 Setting um_sector_size to 2048
 Failed to get the name of the parallel executable script from $PAREXE
 *** Model Exiting.
 Model aborted; timings not available
 *****************************************
 *****************************************
 Model completed with the following :
     Error Code :        139987672347044
     Message    : 
 *****************************************
 *****************************************
forrtl: error (76): Abort trap signal
Image              PC                Routine            Line        Source             
famous.MOSESII.sh  00000000009CC4B1  tbk_trace_stack_i     Unknown  Unknown
famous.MOSESII.sh  00000000009CA5EB  tbk_string_stack_     Unknown  Unknown
famous.MOSESII.sh  00000000009770F4  Unknown               Unknown  Unknown
famous.MOSESII.sh  0000000000976F06  tbk_stack_trace       Unknown  Unknown
famous.MOSESII.sh  0000000000910EB9  for__issue_diagno     Unknown  Unknown
famous.MOSESII.sh  0000000000917FB4  for__signal_handl     Unknown  Unknown
libpthread-2.23.s  00007F516A211390  Unknown               Unknown  Unknown
libc-2.23.so       00007F5169E6B428  gsignal               Unknown  Unknown
libc-2.23.so       00007F5169E6D02A  abort                 Unknown  Unknown
famous.MOSESII.sh  0000000000412C4A  Unknown               Unknown  Unknown
famous.MOSESII.sh  000000000040BF2F  Unknown               Unknown  Unknown
famous.MOSESII.sh  000000000040AC1E  Unknown               Unknown  Unknown
libc-2.23.so       00007F5169E56830  __libc_start_main     Unknown  Unknown
famous.MOSESII.sh  000000000040AB29  Unknown               Unknown  Unknown
srun: error: compute-node-1: tasks 0-1: Aborted (core dumped)
