 Warning: Environment variable UM_SECTOR_SIZE has not been set.
 Setting um_sector_size to 2048
 Warning: Environment variable UM_ATM_NPROCY has not been set.
 Setting nproc_y to 1
 Warning : The ocean code does not yet support decomposition along rows.
 Setting nproc_x to 1
 Warning: Environment variable UM_OCN_NPROCY has not been set.
 Setting nproc_y to 1
 Failed to get the name of the parallel executable script from $PAREXE
 *** Model Exiting.
 Warning: Environment variable UM_SECTOR_SIZE has not been set.
 Setting um_sector_size to 2048
 Warning: Environment variable UM_ATM_NPROCY has not been set.
 Setting nproc_y to 1
 Warning : The ocean code does not yet support decomposition along rows.
 Setting nproc_x to 1
 Warning: Environment variable UM_OCN_NPROCY has not been set.
 Setting nproc_y to 1
 Failed to get the name of the parallel executable script from $PAREXE
 *** Model Exiting.
 Model aborted; timings not available
 Model aborted; timings not available
 *****************************************
 *****************************************
 Model completed with the following :
     Error Code :        140701817815460
     Message    : 
 *****************************************
 *****************************************
forrtl: error (76): Abort trap signal
Image              PC                Routine            Line        Source             
famous.MOSESII.sh  00000000009CC4B1  tbk_trace_stack_i     Unknown  Unknown
famous.MOSESII.sh  00000000009CA5EB  tbk_string_stack_     Unknown  Unknown
famous.MOSESII.sh  00000000009770F4  Unknown               Unknown  Unknown
famous.MOSESII.sh  0000000000976F06  tbk_stack_trace       Unknown  Unknown
famous.MOSESII.sh  0000000000910EB9  for__issue_diagno     Unknown  Unknown
famous.MOSESII.sh  0000000000917FB4  for__signal_handl     Unknown  Unknown
libpthread-2.23.s  00007FF7B0842390  Unknown               Unknown  Unknown
libc-2.23.so       00007FF7B049C428  gsignal               Unknown  Unknown
libc-2.23.so       00007FF7B049E02A  abort                 Unknown  Unknown
famous.MOSESII.sh  0000000000412C4A  Unknown               Unknown  Unknown
famous.MOSESII.sh  000000000040BF2F  Unknown               Unknown  Unknown
famous.MOSESII.sh  000000000040AC1E  Unknown               Unknown  Unknown
libc-2.23.so       00007FF7B0487830  __libc_start_main     Unknown  Unknown
famous.MOSESII.sh  000000000040AB29  Unknown               Unknown  Unknown
 *****************************************
 *****************************************
 Model completed with the following :
     Error Code :            25769811967
     Message    : 
 *****************************************
 *****************************************
forrtl: error (76): Abort trap signal
Image              PC                Routine            Line        Source             
famous.MOSESII.sh  00000000009CC4B1  tbk_trace_stack_i     Unknown  Unknown
famous.MOSESII.sh  00000000009CA5EB  tbk_string_stack_     Unknown  Unknown
famous.MOSESII.sh  00000000009770F4  Unknown               Unknown  Unknown
famous.MOSESII.sh  0000000000976F06  tbk_stack_trace       Unknown  Unknown
famous.MOSESII.sh  0000000000910EB9  for__issue_diagno     Unknown  Unknown
famous.MOSESII.sh  0000000000917FB4  for__signal_handl     Unknown  Unknown
libpthread-2.23.s  00007FAAE1C3B390  Unknown               Unknown  Unknown
libc-2.23.so       00007FAAE1895428  gsignal               Unknown  Unknown
libc-2.23.so       00007FAAE189702A  abort                 Unknown  Unknown
famous.MOSESII.sh  0000000000412C4A  Unknown               Unknown  Unknown
famous.MOSESII.sh  000000000040BF2F  Unknown               Unknown  Unknown
famous.MOSESII.sh  000000000040AC1E  Unknown               Unknown  Unknown
libc-2.23.so       00007FAAE1880830  __libc_start_main     Unknown  Unknown
famous.MOSESII.sh  000000000040AB29  Unknown               Unknown  Unknown
srun: error: compute-node-1: tasks 0-1: Aborted (core dumped)
