 Warning: Environment variable UM_SECTOR_SIZE has not been set.
 Setting um_sector_size to 2048
 Warning: Environment variable UM_SECTOR_SIZE has not been set.
 Setting um_sector_size to 2048
[mpiexec@compute-node-1] match_arg (utils/args/args.c:159): unrecognized argument pmi_args
[mpiexec@compute-node-1] HYDU_parse_array (utils/args/args.c:174): argument matching returned error
[mpiexec@compute-node-1] parse_args (ui/mpich/utils.c:1596): error parsing input array
[mpiexec@compute-node-1] HYD_uii_mpx_get_parameters (ui/mpich/utils.c:1648): unable to parse user arguments
[mpiexec@compute-node-1] main (ui/mpich/mpiexec.c:149): error parsing parameters
srun: got SIGCONT
slurmstepd: error: *** JOB 30 ON compute-node-1 CANCELLED AT 2018-01-18T15:50:58 ***
srun: Job step aborted: Waiting up to 32 seconds for job step to finish.
srun: forcing job termination
slurmstepd: error: *** STEP 30.0 ON compute-node-1 CANCELLED AT 2018-01-18T15:50:59 ***
forrtl: error (78): process killed (SIGTERM)
Image              PC                Routine            Line        Source             
famous.MOSESII.sh  00000000009CC4B1  tbk_trace_stack_i     Unknown  Unknown
famous.MOSESII.sh  00000000009CA5EB  tbk_string_stack_     Unknown  Unknown
famous.MOSESII.sh  00000000009770F4  Unknown               Unknown  Unknown
famous.MOSESII.sh  0000000000976F06  tbk_stack_trace       Unknown  Unknown
famous.MOSESII.sh  0000000000910EB9  for__issue_diagno     Unknown  Unknown
famous.MOSESII.sh  0000000000917CBC  for__signal_handl     Unknown  Unknown
libpthread-2.23.s  00007F2ED4B97390  Unknown               Unknown  Unknown
libmpi.so.12.0     00007F2ED513A3B0  Unknown               Unknown  Unknown
forrtl: error (78): process killed (SIGTERM)
Image              PC                Routine            Line        Source             
famous.MOSESII.sh  00000000009CC4B1  tbk_trace_stack_i     Unknown  Unknown
famous.MOSESII.sh  00000000009CA5EB  tbk_string_stack_     Unknown  Unknown
famous.MOSESII.sh  00000000009770F4  Unknown               Unknown  Unknown
famous.MOSESII.sh  0000000000976F06  tbk_stack_trace       Unknown  Unknown
famous.MOSESII.sh  0000000000910EB9  for__issue_diagno     Unknown  Unknown
famous.MOSESII.sh  0000000000917CBC  for__signal_handl     Unknown  Unknown
libpthread-2.23.s  00007FB541643390  Unknown               Unknown  Unknown
libpthread-2.23.s  00007FB54164274E  accept                Unknown  Unknown
libmpi.so.12.0     00007FB54205DC09  Unknown               Unknown  Unknown
libmpi.so.12.0     00007FB542059C84  Unknown               Unknown  Unknown
libmpi.so.12.0     00007FB541F05BFA  Unknown               Unknown  Unknown
libmpi.so.12.0     00007FB541F13630  Unknown               Unknown  Unknown
libmpi.so.12.0     00007FB541C912F1  Unknown               Unknown  Unknown
libmpi.so.12.0     00007FB541F0253E  Unknown               Unknown  Unknown
libmpi.so.12.0     00007FB541E9872B  Unknown               Unknown  Unknown
libmpi.so.12       00007FB541E85E2B  MPI_Init              Unknown  Unknown
libmpifort.so.12.  00007FB542941240  MPI_INIT              Unknown  Unknown
famous.MOSESII.sh  00000000009082A4  Unknown               Unknown  Unknown
famous.MOSESII.sh  0000000000901042  Unknown               Unknown  Unknown
famous.MOSESII.sh  000000000040C294  Unknown               Unknown  Unknown
famous.MOSESII.sh  000000000040AC1E  Unknown               Unknown  Unknown
libc-2.23.so       00007FB541288830  __libc_start_main     Unknown  Unknown
famous.MOSESII.sh  000000000040AB29  Unknown               Unknown  Unknown
