	linux-vdso.so.1 =>  (0x00007fffafbc0000)
	libmpifort.so.12 => /opt/udiImage/intelmpi/lib/libmpifort.so.12 (0x00007fc91e20d000)
	libmpi.so.12 => /opt/udiImage/intelmpi/lib/libmpi.so.12 (0x00007fc91d4fd000)
	libm.so.6 => /lib/x86_64-linux-gnu/libm.so.6 (0x00007fc91d1f4000)
	libpthread.so.0 => /lib/x86_64-linux-gnu/libpthread.so.0 (0x00007fc91cfd7000)
	libc.so.6 => /lib/x86_64-linux-gnu/libc.so.6 (0x00007fc91cc0d000)
	libgcc_s.so.1 => /lib/x86_64-linux-gnu/libgcc_s.so.1 (0x00007fc91c9f7000)
	libdl.so.2 => /lib/x86_64-linux-gnu/libdl.so.2 (0x00007fc91c7f3000)
	librt.so.1 => /lib/x86_64-linux-gnu/librt.so.1 (0x00007fc91c5eb000)
	/lib64/ld-linux-x86-64.so.2 (0x00007fc91e5b6000)
	linux-vdso.so.1 =>  (0x00007ffe7afcd000)
	libmpifort.so.12 => /opt/udiImage/intelmpi/lib/libmpifort.so.12 (0x00007fe7f506b000)
	libmpi.so.12 => /opt/udiImage/intelmpi/lib/libmpi.so.12 (0x00007fe7f435b000)
	libm.so.6 => /lib/x86_64-linux-gnu/libm.so.6 (0x00007fe7f4052000)
	libpthread.so.0 => /lib/x86_64-linux-gnu/libpthread.so.0 (0x00007fe7f3e35000)
	libc.so.6 => /lib/x86_64-linux-gnu/libc.so.6 (0x00007fe7f3a6b000)
	libgcc_s.so.1 => /lib/x86_64-linux-gnu/libgcc_s.so.1 (0x00007fe7f3855000)
	libdl.so.2 => /lib/x86_64-linux-gnu/libdl.so.2 (0x00007fe7f3651000)
	librt.so.1 => /lib/x86_64-linux-gnu/librt.so.1 (0x00007fe7f3449000)
	/lib64/ld-linux-x86-64.so.2 (0x00007fe7f5414000)
